Using pre-set license
Built from '2022.3/staging' branch; Version is '2022.3.10f1 (ff3792e53c62) revision 16725906'; Using compiler version '192829333'; Build Type 'Release'
OS: 'Windows 10  (10.0.19045) 64bit Core' Language: 'pl' Physical Memory: 16304 MB
BatchMode: 1, IsHumanControllingUs: 0, StartBugReporterOnCrash: 0, Is64bit: 1, IsPro: 1

COMMAND LINE ARGUMENTS:
E:\Programy\Unity\2022.3.10f1\Editor\Unity.exe
-adb2
-batchMode
-noUpm
-name
AssetImportWorker2
-projectPath
E:/Dokumenty/Unity/UnityLabProject/UnityLabProject
-logFile
Logs/AssetImportWorker2.log
-srvPort
58250
Successfully changed project path to: E:/Dokumenty/Unity/UnityLabProject/UnityLabProject
E:/Dokumenty/Unity/UnityLabProject/UnityLabProject
[UnityMemory] Configuration Parameters - Can be set up in boot.config
    "memorysetup-bucket-allocator-granularity=16"
    "memorysetup-bucket-allocator-bucket-count=8"
    "memorysetup-bucket-allocator-block-size=33554432"
    "memorysetup-bucket-allocator-block-count=8"
    "memorysetup-main-allocator-block-size=16777216"
    "memorysetup-thread-allocator-block-size=16777216"
    "memorysetup-gfx-main-allocator-block-size=16777216"
    "memorysetup-gfx-thread-allocator-block-size=16777216"
    "memorysetup-cache-allocator-block-size=4194304"
    "memorysetup-typetree-allocator-block-size=2097152"
    "memorysetup-profiler-bucket-allocator-granularity=16"
    "memorysetup-profiler-bucket-allocator-bucket-count=8"
    "memorysetup-profiler-bucket-allocator-block-size=33554432"
    "memorysetup-profiler-bucket-allocator-block-count=8"
    "memorysetup-profiler-allocator-block-size=16777216"
    "memorysetup-profiler-editor-allocator-block-size=1048576"
    "memorysetup-temp-allocator-size-main=16777216"
    "memorysetup-job-temp-allocator-block-size=2097152"
    "memorysetup-job-temp-allocator-block-size-background=1048576"
    "memorysetup-job-temp-allocator-reduction-small-platforms=262144"
    "memorysetup-allocator-temp-initial-block-size-main=262144"
    "memorysetup-allocator-temp-initial-block-size-worker=262144"
    "memorysetup-temp-allocator-size-background-worker=32768"
    "memorysetup-temp-allocator-size-job-worker=262144"
    "memorysetup-temp-allocator-size-preload-manager=33554432"
    "memorysetup-temp-allocator-size-nav-mesh-worker=65536"
    "memorysetup-temp-allocator-size-audio-worker=65536"
    "memorysetup-temp-allocator-size-cloud-worker=32768"
    "memorysetup-temp-allocator-size-gi-baking-worker=262144"
    "memorysetup-temp-allocator-size-gfx=262144"
Player connection [13476] Host "[IP] 192.168.0.107 [Port] 0 [Flags] 2 [Guid] 1165836596 [EditorId] 1165836596 [Version] 1048832 [Id] WindowsEditor(7,DESKTOP-L3A719M) [Debug] 1 [PackageName] WindowsEditor [ProjectName] Editor" joined multi-casting on [225.0.0.222:54997]...

Player connection [13476] Host "[IP] 192.168.0.107 [Port] 0 [Flags] 2 [Guid] 1165836596 [EditorId] 1165836596 [Version] 1048832 [Id] WindowsEditor(7,DESKTOP-L3A719M) [Debug] 1 [PackageName] WindowsEditor [ProjectName] Editor" joined alternative multi-casting on [225.0.0.222:34997]...

[Physics::Module] Initialized MultithreadedJobDispatcher with 11 workers.
Refreshing native plugins compatible for Editor in 19.44 ms, found 4 plugins.
Preloading 0 native plugins for Editor in 0.00 ms.
Initialize engine version: 2022.3.10f1 (ff3792e53c62)
[Subsystems] Discovering subsystems at path E:/Programy/Unity/2022.3.10f1/Editor/Data/Resources/UnitySubsystems
[Subsystems] Discovering subsystems at path E:/Dokumenty/Unity/UnityLabProject/UnityLabProject/Assets
GfxDevice: creating device client; threaded=0; jobified=0
Direct3D:
    Version:  Direct3D 11.0 [level 11.1]
    Renderer: NVIDIA GeForce RTX 2060 (ID=0x1f11)
    Vendor:   NVIDIA
    VRAM:     5969 MB
    Driver:   31.0.15.4617
Initialize mono
Mono path[0] = 'E:/Programy/Unity/2022.3.10f1/Editor/Data/Managed'
Mono path[1] = 'E:/Programy/Unity/2022.3.10f1/Editor/Data/MonoBleedingEdge/lib/mono/unityjit-win32'
Mono config path = 'E:/Programy/Unity/2022.3.10f1/Editor/Data/MonoBleedingEdge/etc'
Using monoOptions --debugger-agent=transport=dt_socket,embedding=1,server=y,suspend=n,address=127.0.0.1:56296
Begin MonoManager ReloadAssembly
Registering precompiled unity dll's ...
Register platform support module: E:/Programy/Unity/2022.3.10f1/Editor/Data/PlaybackEngines/WebGLSupport/UnityEditor.WebGL.Extensions.dll
Register platform support module: E:/Programy/Unity/2022.3.10f1/Editor/Data/PlaybackEngines/WindowsStandaloneSupport/UnityEditor.WindowsStandalone.Extensions.dll
Registered in 0.022727 seconds.
- Loaded All Assemblies, in  0.572 seconds
Native extension for WindowsStandalone target not found
Native extension for WebGL target not found
Mono: successfully reloaded assembly
- Finished resetting the current domain, in  0.319 seconds
Domain Reload Profiling: 885ms
	BeginReloadAssembly (187ms)
		ExecutionOrderSort (0ms)
		DisableScriptedObjects (0ms)
		BackupInstance (0ms)
		ReleaseScriptingObjects (0ms)
		CreateAndSetChildDomain (1ms)
	RebuildCommonClasses (54ms)
	RebuildNativeTypeToScriptingClass (14ms)
	initialDomainReloadingComplete (101ms)
	LoadAllAssembliesAndSetupDomain (209ms)
		LoadAssemblies (180ms)
		RebuildTransferFunctionScriptingTraits (0ms)
		AnalyzeDomain (206ms)
			TypeCache.Refresh (204ms)
				TypeCache.ScanAssembly (186ms)
			ScanForSourceGeneratedMonoScriptInfo (0ms)
			ResolveRequiredComponents (1ms)
	FinalizeReload (320ms)
		ReleaseScriptCaches (0ms)
		RebuildScriptCaches (0ms)
		SetupLoadedEditorAssemblies (240ms)
			LogAssemblyErrors (0ms)
			InitializePlatformSupportModulesInManaged (17ms)
			SetLoadedEditorAssemblies (6ms)
			RefreshPlugins (0ms)
			BeforeProcessingInitializeOnLoad (3ms)
			ProcessInitializeOnLoadAttributes (156ms)
			ProcessInitializeOnLoadMethodAttributes (58ms)
			AfterProcessingInitializeOnLoad (0ms)
			EditorAssembliesLoaded (0ms)
		ExecutionOrderSort2 (0ms)
		AwakeInstancesAfterBackupRestoration (0ms)
========================================================================
Worker process is ready to serve import requests
Begin MonoManager ReloadAssembly
- Loaded All Assemblies, in  1.099 seconds
Refreshing native plugins compatible for Editor in 10.38 ms, found 4 plugins.
Native extension for WindowsStandalone target not found
Native extension for WebGL target not found
Package Manager log level set to [2]
[Package Manager] Server::EnsureServerProcessIsRunning -- launch failed, reason: Unity was launched with the -noUpm command-line argument
[Package Manager] UpmClient::Send -- Unable to send message (not connected to UPM process).
[Package Manager] Cannot connect to Unity Package Manager local server
Mono: successfully reloaded assembly
- Finished resetting the current domain, in  0.938 seconds
Domain Reload Profiling: 2024ms
	BeginReloadAssembly (241ms)
		ExecutionOrderSort (0ms)
		DisableScriptedObjects (7ms)
		BackupInstance (0ms)
		ReleaseScriptingObjects (0ms)
		CreateAndSetChildDomain (26ms)
	RebuildCommonClasses (51ms)
	RebuildNativeTypeToScriptingClass (17ms)
	initialDomainReloadingComplete (69ms)
	LoadAllAssembliesAndSetupDomain (707ms)
		LoadAssemblies (612ms)
		RebuildTransferFunctionScriptingTraits (0ms)
		AnalyzeDomain (256ms)
			TypeCache.Refresh (217ms)
				TypeCache.ScanAssembly (197ms)
			ScanForSourceGeneratedMonoScriptInfo (30ms)
			ResolveRequiredComponents (8ms)
	FinalizeReload (939ms)
		ReleaseScriptCaches (0ms)
		RebuildScriptCaches (0ms)
		SetupLoadedEditorAssemblies (726ms)
			LogAssemblyErrors (0ms)
			InitializePlatformSupportModulesInManaged (13ms)
			SetLoadedEditorAssemblies (5ms)
			RefreshPlugins (0ms)
			BeforeProcessingInitializeOnLoad (132ms)
			ProcessInitializeOnLoadAttributes (499ms)
			ProcessInitializeOnLoadMethodAttributes (55ms)
			AfterProcessingInitializeOnLoad (22ms)
			EditorAssembliesLoaded (0ms)
		ExecutionOrderSort2 (0ms)
		AwakeInstancesAfterBackupRestoration (8ms)
Launched and connected shader compiler UnityShaderCompiler.exe after 0.05 seconds
Refreshing native plugins compatible for Editor in 11.71 ms, found 4 plugins.
Preloading 0 native plugins for Editor in 0.00 ms.
Unloading 4465 Unused Serialized files (Serialized files now loaded: 0)
Unloading 79 unused Assets / (217.6 KB). Loaded Objects now: 4931.
Memory consumption went from 153.9 MB to 153.7 MB.
Total: 4.829200 ms (FindLiveObjects: 0.475100 ms CreateObjectMapping: 0.377000 ms MarkObjects: 3.746100 ms  DeleteObjects: 0.229700 ms)

AssetImportParameters requested are different than current active one (requested -> active):
  custom:container-demuxer-ogg: 62fdf1f143b41e24485cea50d1cbac27 -> 
  custom:video-decoder-ogg-theora: a1e56fd34408186e4bbccfd4996cb3dc -> 
  custom:framework-win-MediaFoundation: 216162199b28c13a410421893ffa2e32 -> 
  custom:container-demuxer-webm: 4f35f7cbe854078d1ac9338744f61a02 -> 
  custom:container-muxer-webm: aa71ff27fc2769a1b78a27578f13a17b -> 
  custom:video-decoder-webm-vp8: 9c59270c3fd7afecdb556c50c9e8de78 -> 
  custom:AudioImporter_EditorPlatform: d09bf68614088b80899f8185d706f6e7 -> 
  custom:video-encoder-webm-vp8: eb34c28f22e8b96e1ab97ce403110664 -> 
  custom:audio-decoder-ogg-vorbis: bf7c407c2cedff20999df2af8eb42d56 -> 
  custom:audio-encoder-webm-vorbis: bf7c407c2cedff20999df2af8eb42d56 -> 
========================================================================
Received Import Request.
  Time since last request: 467406.085484 seconds.
  path: Assets/Sound/Monster screams - 56.mp3
  artifactKey: Guid(51c471696c4d8eb4fb32d4cdd9cc61c8) Importer(815301076,1909f56bfc062723c751e8b465ee728b)
Start importing Assets/Sound/Monster screams - 56.mp3 using Guid(51c471696c4d8eb4fb32d4cdd9cc61c8) Importer(815301076,1909f56bfc062723c751e8b465ee728b)  -> (artifact id: '5335a53bd0feeaaa3fd977fc50192ecd') in 0.120226 seconds
Number of updated asset objects reloaded before import = 0
Number of asset objects unloaded after import = 2
========================================================================
Received Import Request.
  Time since last request: 0.000053 seconds.
  path: Assets/Sound/Devlin Bataric - Game Over Jingles Pack - 20 Game Over - Your Knight is Dead.wav
  artifactKey: Guid(29c20b911e22e544985f8461d72ac034) Importer(815301076,1909f56bfc062723c751e8b465ee728b)
Start importing Assets/Sound/Devlin Bataric - Game Over Jingles Pack - 20 Game Over - Your Knight is Dead.wav using Guid(29c20b911e22e544985f8461d72ac034) Importer(815301076,1909f56bfc062723c751e8b465ee728b)  -> (artifact id: 'acc03a782d1c401dfc445bae1c1d48e3') in 0.015742 seconds
Number of updated asset objects reloaded before import = 0
Number of asset objects unloaded after import = 2
========================================================================
Received Import Request.
  Time since last request: 0.000020 seconds.
  path: Assets/Sound/Mysterious Fog - Loop.wav
  artifactKey: Guid(40f973218239764e69897f3b456a1026) Importer(815301076,1909f56bfc062723c751e8b465ee728b)
Start importing Assets/Sound/Mysterious Fog - Loop.wav using Guid(40f973218239764e69897f3b456a1026) Importer(815301076,1909f56bfc062723c751e8b465ee728b)  -> (artifact id: 'd89c89d6eb3d5033e58865cf3eec61bf') in 0.016254 seconds
Number of updated asset objects reloaded before import = 0
Number of asset objects unloaded after import = 2
========================================================================
Received Import Request.
  Time since last request: 0.000015 seconds.
  path: Assets/Sound/mag-reload.mp3
  artifactKey: Guid(179c385ad78a25d45a0c1f715b75316a) Importer(815301076,1909f56bfc062723c751e8b465ee728b)
Start importing Assets/Sound/mag-reload.mp3 using Guid(179c385ad78a25d45a0c1f715b75316a) Importer(815301076,1909f56bfc062723c751e8b465ee728b)  -> (artifact id: '1339b6ea2a56ab11245aab186c7e2221') in 0.013320 seconds
Number of updated asset objects reloaded before import = 0
Number of asset objects unloaded after import = 2
========================================================================
Received Prepare
Refreshing native plugins compatible for Editor in 8.96 ms, found 4 plugins.
Preloading 0 native plugins for Editor in 0.00 ms.
Unloading 4 Unused Serialized files (Serialized files now loaded: 0)
Unloading 5 unused Assets / (163.9 KB). Loaded Objects now: 4942.
Memory consumption went from 82.6 MB to 82.4 MB.
Total: 4.166800 ms (FindLiveObjects: 0.472100 ms CreateObjectMapping: 0.416000 ms MarkObjects: 3.152500 ms  DeleteObjects: 0.125200 ms)

Prepare: number of updated asset objects reloaded= 0
AssetImportParameters requested are different than current active one (requested -> active):
  custom:container-demuxer-ogg: 62fdf1f143b41e24485cea50d1cbac27 -> 
  custom:video-decoder-ogg-theora: a1e56fd34408186e4bbccfd4996cb3dc -> 
  custom:framework-win-MediaFoundation: 216162199b28c13a410421893ffa2e32 -> 
  custom:CustomObjectIndexerAttribute: 756ad292c208cfabdd7b50bc23989ffe -> 
  custom:container-demuxer-webm: 4f35f7cbe854078d1ac9338744f61a02 -> 
  custom:container-muxer-webm: aa71ff27fc2769a1b78a27578f13a17b -> 
  custom:video-decoder-webm-vp8: 9c59270c3fd7afecdb556c50c9e8de78 -> 
  custom:SearchIndexIgnoredProperties: e643bd26f0fe6173181afceb89e7c659 -> 
  custom:AudioImporter_EditorPlatform: d09bf68614088b80899f8185d706f6e7 -> 
  custom:video-encoder-webm-vp8: eb34c28f22e8b96e1ab97ce403110664 -> 
  custom:audio-decoder-ogg-vorbis: bf7c407c2cedff20999df2af8eb42d56 -> 
  custom:audio-encoder-webm-vorbis: bf7c407c2cedff20999df2af8eb42d56 -> 
========================================================================
Received Import Request.
  Time since last request: 35.178591 seconds.
  path: Assets/Ultimate2DWeaponPacks/Ultimate2DModernWeapons/Volume1 - Warfare Weapons/Sprites/Styled/Styled-AssaultRifle.png
  artifactKey: Guid(f59aa6b06242a4e4e90f8c5ed9560ff6) Importer(815301076,1909f56bfc062723c751e8b465ee728b)
Start importing Assets/Ultimate2DWeaponPacks/Ultimate2DModernWeapons/Volume1 - Warfare Weapons/Sprites/Styled/Styled-AssaultRifle.png using Guid(f59aa6b06242a4e4e90f8c5ed9560ff6) Importer(815301076,1909f56bfc062723c751e8b465ee728b)  -> (artifact id: '850d93b0454e36c469e9fec57645dd26') in 0.072414 seconds
Number of updated asset objects reloaded before import = 0
Number of asset objects unloaded after import = 3
========================================================================
Received Import Request.
  Time since last request: 0.000015 seconds.
  path: Assets/Ultimate2DWeaponPacks/Ultimate2DModernWeapons/Volume1 - Warfare Weapons/Sprites/Styled/Styled-Rifle.png
  artifactKey: Guid(9411272ddaed09a48bc25ddac0a6c56d) Importer(815301076,1909f56bfc062723c751e8b465ee728b)
Start importing Assets/Ultimate2DWeaponPacks/Ultimate2DModernWeapons/Volume1 - Warfare Weapons/Sprites/Styled/Styled-Rifle.png using Guid(9411272ddaed09a48bc25ddac0a6c56d) Importer(815301076,1909f56bfc062723c751e8b465ee728b)  -> (artifact id: '33e15b7739b6cf9e3bf3970cf659d680') in 0.036200 seconds
Number of updated asset objects reloaded before import = 0
Number of asset objects unloaded after import = 3
========================================================================
Received Import Request.
  Time since last request: 7.125045 seconds.
  path: Assets/Graphics/01 background.png
  artifactKey: Guid(543fff9c6bee69649a543666c301ca86) Importer(815301076,1909f56bfc062723c751e8b465ee728b)
Start importing Assets/Graphics/01 background.png using Guid(543fff9c6bee69649a543666c301ca86) Importer(815301076,1909f56bfc062723c751e8b465ee728b)  -> (artifact id: '71515db1aeef0d793c6c53fa58deb1d0') in 0.045051 seconds
Number of updated asset objects reloaded before import = 0
Number of asset objects unloaded after import = 3
========================================================================
Received Import Request.
  Time since last request: 0.000015 seconds.
  path: Assets/Graphics/Character.png
  artifactKey: Guid(f6b19d9c4399bb84493ddb552eb9860b) Importer(815301076,1909f56bfc062723c751e8b465ee728b)
Start importing Assets/Graphics/Character.png using Guid(f6b19d9c4399bb84493ddb552eb9860b) Importer(815301076,1909f56bfc062723c751e8b465ee728b)  -> (artifact id: 'b31c201122443fe9f4634aad34eed97f') in 0.049438 seconds
Number of updated asset objects reloaded before import = 0
Number of asset objects unloaded after import = 3
========================================================================
Received Import Request.
  Time since last request: 0.000138 seconds.
  path: Assets/Graphics/smoke.psb
  artifactKey: Guid(9a0d4bfb54c02574d9c3fdad8b2ea725) Importer(815301076,1909f56bfc062723c751e8b465ee728b)
Start importing Assets/Graphics/smoke.psb using Guid(9a0d4bfb54c02574d9c3fdad8b2ea725) Importer(815301076,1909f56bfc062723c751e8b465ee728b)  -> (artifact id: '990a2797ae40626218d123a007ddeece') in 0.085455 seconds
Number of updated asset objects reloaded before import = 0
Number of asset objects unloaded after import = 22
========================================================================
Received Import Request.
  Time since last request: 0.000013 seconds.
  path: Assets/Graphics/HP_Background.png
  artifactKey: Guid(49b05caff67cc774680d0d8f7e7028c1) Importer(815301076,1909f56bfc062723c751e8b465ee728b)
Start importing Assets/Graphics/HP_Background.png using Guid(49b05caff67cc774680d0d8f7e7028c1) Importer(815301076,1909f56bfc062723c751e8b465ee728b)  -> (artifact id: '71744decf4250674def3b8ddebad631a') in 0.030998 seconds
Number of updated asset objects reloaded before import = 0
Number of asset objects unloaded after import = 3
========================================================================
Received Import Request.
  Time since last request: 0.000014 seconds.
  path: Assets/Graphics/05 background.png
  artifactKey: Guid(7856ff2c37949ad4d9e77bec3b91e755) Importer(815301076,1909f56bfc062723c751e8b465ee728b)
Start importing Assets/Graphics/05 background.png using Guid(7856ff2c37949ad4d9e77bec3b91e755) Importer(815301076,1909f56bfc062723c751e8b465ee728b)  -> (artifact id: 'd39b971a3079515cf66413ba30058e07') in 0.033564 seconds
Number of updated asset objects reloaded before import = 0
Number of asset objects unloaded after import = 3
========================================================================
Received Import Request.
  Time since last request: 0.000022 seconds.
  path: Assets/Graphics/other_and_decorative.png
  artifactKey: Guid(fc125cd2b902af1428138adb4c7f6ec4) Importer(815301076,1909f56bfc062723c751e8b465ee728b)
Start importing Assets/Graphics/other_and_decorative.png using Guid(fc125cd2b902af1428138adb4c7f6ec4) Importer(815301076,1909f56bfc062723c751e8b465ee728b)  -> (artifact id: '059829e69d8c9bc7e544d18cbb2e7b90') in 0.033562 seconds
Number of updated asset objects reloaded before import = 0
Number of asset objects unloaded after import = 3
========================================================================
Received Import Request.
  Time since last request: 0.000016 seconds.
  path: Assets/Graphics/main_lev_build.png
  artifactKey: Guid(6d28f55f1b0572546b2632db94416d69) Importer(815301076,1909f56bfc062723c751e8b465ee728b)
Start importing Assets/Graphics/main_lev_build.png using Guid(6d28f55f1b0572546b2632db94416d69) Importer(815301076,1909f56bfc062723c751e8b465ee728b)  -> (artifact id: 'eb3d3f3744a01e44818f555acc4a969a') in 0.342419 seconds
Number of updated asset objects reloaded before import = 0
Number of asset objects unloaded after import = 102
========================================================================
Received Import Request.
  Time since last request: 2.255438 seconds.
  path: Assets/Graphics/Styled-Pistol.png
  artifactKey: Guid(f800c49a4583bb842b1efa76c9789de2) Importer(815301076,1909f56bfc062723c751e8b465ee728b)
Start importing Assets/Graphics/Styled-Pistol.png using Guid(f800c49a4583bb842b1efa76c9789de2) Importer(815301076,1909f56bfc062723c751e8b465ee728b)  -> (artifact id: '84833eb9e689301050671fee4dfae995') in 0.026660 seconds
Number of updated asset objects reloaded before import = 0
Number of asset objects unloaded after import = 3
========================================================================
Received Prepare
Begin MonoManager ReloadAssembly
- Loaded All Assemblies, in  0.792 seconds
Refreshing native plugins compatible for Editor in 9.31 ms, found 4 plugins.
Native extension for WindowsStandalone target not found
Native extension for WebGL target not found
[Package Manager] Server::EnsureServerProcessIsRunning -- launch failed, reason: Unity was launched with the -noUpm command-line argument
[Package Manager] UpmClient::Send -- Unable to send message (not connected to UPM process).
[Package Manager] Cannot connect to Unity Package Manager local server
Mono: successfully reloaded assembly
- Finished resetting the current domain, in  1.740 seconds
Domain Reload Profiling: 2519ms
	BeginReloadAssembly (254ms)
		ExecutionOrderSort (0ms)
		DisableScriptedObjects (17ms)
		BackupInstance (0ms)
		ReleaseScriptingObjects (0ms)
		CreateAndSetChildDomain (45ms)
	RebuildCommonClasses (37ms)
	RebuildNativeTypeToScriptingClass (12ms)
	initialDomainReloadingComplete (45ms)
	LoadAllAssembliesAndSetupDomain (430ms)
		LoadAssemblies (552ms)
		RebuildTransferFunctionScriptingTraits (0ms)
		AnalyzeDomain (20ms)
			TypeCache.Refresh (8ms)
				TypeCache.ScanAssembly (0ms)
			ScanForSourceGeneratedMonoScriptInfo (0ms)
			ResolveRequiredComponents (10ms)
	FinalizeReload (1740ms)
		ReleaseScriptCaches (0ms)
		RebuildScriptCaches (0ms)
		SetupLoadedEditorAssemblies (698ms)
			LogAssemblyErrors (0ms)
			InitializePlatformSupportModulesInManaged (14ms)
			SetLoadedEditorAssemblies (4ms)
			RefreshPlugins (0ms)
			BeforeProcessingInitializeOnLoad (146ms)
			ProcessInitializeOnLoadAttributes (459ms)
			ProcessInitializeOnLoadMethodAttributes (54ms)
			AfterProcessingInitializeOnLoad (20ms)
			EditorAssembliesLoaded (0ms)
		ExecutionOrderSort2 (0ms)
		AwakeInstancesAfterBackupRestoration (16ms)
Refreshing native plugins compatible for Editor in 14.94 ms, found 4 plugins.
Preloading 0 native plugins for Editor in 0.00 ms.
Unloading 4433 Unused Serialized files (Serialized files now loaded: 0)
Unloading 39 unused Assets / (188.9 KB). Loaded Objects now: 5037.
Memory consumption went from 150.6 MB to 150.5 MB.
Total: 6.024500 ms (FindLiveObjects: 0.445600 ms CreateObjectMapping: 0.443400 ms MarkObjects: 4.912500 ms  DeleteObjects: 0.221500 ms)

Prepare: number of updated asset objects reloaded= 0
AssetImportParameters requested are different than current active one (requested -> active):
  custom:container-demuxer-ogg: 62fdf1f143b41e24485cea50d1cbac27 -> 
  custom:video-decoder-ogg-theora: a1e56fd34408186e4bbccfd4996cb3dc -> 
  custom:framework-win-MediaFoundation: 216162199b28c13a410421893ffa2e32 -> 
  custom:CustomObjectIndexerAttribute: 756ad292c208cfabdd7b50bc23989ffe -> 
  custom:container-demuxer-webm: 4f35f7cbe854078d1ac9338744f61a02 -> 
  custom:container-muxer-webm: aa71ff27fc2769a1b78a27578f13a17b -> 
  custom:video-decoder-webm-vp8: 9c59270c3fd7afecdb556c50c9e8de78 -> 
  custom:SearchIndexIgnoredProperties: e643bd26f0fe6173181afceb89e7c659 -> 
  custom:AudioImporter_EditorPlatform: d09bf68614088b80899f8185d706f6e7 -> 
  custom:video-encoder-webm-vp8: eb34c28f22e8b96e1ab97ce403110664 -> 
  custom:audio-decoder-ogg-vorbis: bf7c407c2cedff20999df2af8eb42d56 -> 
  custom:audio-encoder-webm-vorbis: bf7c407c2cedff20999df2af8eb42d56 -> 
========================================================================
Received Import Request.
  Time since last request: 67.364788 seconds.
  path: Assets/Scripts/Capabilities
  artifactKey: Guid(fc68ed5ea9f793d418ee0cb5c5a7b46a) Importer(815301076,1909f56bfc062723c751e8b465ee728b)
Start importing Assets/Scripts/Capabilities using Guid(fc68ed5ea9f793d418ee0cb5c5a7b46a) Importer(815301076,1909f56bfc062723c751e8b465ee728b)  -> (artifact id: '9737a1c53dad00778cf293db7a8d26a8') in 0.002667 seconds
Number of updated asset objects reloaded before import = 0
Number of asset objects unloaded after import = 0
========================================================================
Received Import Request.
  Time since last request: 5.269740 seconds.
  path: Assets/Scripts/Capabilities/EnemyDamageTrigger.cs
  artifactKey: Guid(bbd83f32d8910dc45897510e38f6d86a) Importer(815301076,1909f56bfc062723c751e8b465ee728b)
Start importing Assets/Scripts/Capabilities/EnemyDamageTrigger.cs using Guid(bbd83f32d8910dc45897510e38f6d86a) Importer(815301076,1909f56bfc062723c751e8b465ee728b)  -> (artifact id: '0137b24568c0592f0281392c7cb3d390') in 0.000558 seconds
Number of updated asset objects reloaded before import = 0
Number of asset objects unloaded after import = 0
========================================================================
Received Import Request.
  Time since last request: 485.638478 seconds.
  path: Assets/Sound/zombie-1.wav
  artifactKey: Guid(ccedb0879cf75c6408c32a3be61de0a6) Importer(815301076,1909f56bfc062723c751e8b465ee728b)
Start importing Assets/Sound/zombie-1.wav using Guid(ccedb0879cf75c6408c32a3be61de0a6) Importer(815301076,1909f56bfc062723c751e8b465ee728b)  -> (artifact id: 'ddf1dc0da906140c4626817ab9550d74') in 0.068911 seconds
Number of updated asset objects reloaded before import = 0
Number of asset objects unloaded after import = 2
========================================================================
Received Import Request.
  Time since last request: 0.000029 seconds.
  path: Assets/Sound/zombie-20.wav
  artifactKey: Guid(e8bb310a00f912442a4d7019fa810bf0) Importer(815301076,1909f56bfc062723c751e8b465ee728b)
Start importing Assets/Sound/zombie-20.wav using Guid(e8bb310a00f912442a4d7019fa810bf0) Importer(815301076,1909f56bfc062723c751e8b465ee728b)  -> (artifact id: 'b0c17489dba64e488de83a34e690f436') in 0.019742 seconds
Number of updated asset objects reloaded before import = 0
Number of asset objects unloaded after import = 2
========================================================================
Received Import Request.
  Time since last request: 0.000203 seconds.
  path: Assets/Sound/zombie-22.wav
  artifactKey: Guid(e327b2843d26f734894da501fa8e3b0a) Importer(815301076,1909f56bfc062723c751e8b465ee728b)
Start importing Assets/Sound/zombie-22.wav using Guid(e327b2843d26f734894da501fa8e3b0a) Importer(815301076,1909f56bfc062723c751e8b465ee728b)  -> (artifact id: '94b0277667f2ea9055f1be5b873638c8') in 0.018926 seconds
Number of updated asset objects reloaded before import = 0
Number of asset objects unloaded after import = 2
========================================================================
Received Import Request.
  Time since last request: 0.000017 seconds.
  path: Assets/Sound/zombie-12.wav
  artifactKey: Guid(22acbc13f24bef84dbd3e42193e07210) Importer(815301076,1909f56bfc062723c751e8b465ee728b)
Start importing Assets/Sound/zombie-12.wav using Guid(22acbc13f24bef84dbd3e42193e07210) Importer(815301076,1909f56bfc062723c751e8b465ee728b)  -> (artifact id: 'eb40b931ac80e31867690fdd66bd5424') in 0.012598 seconds
Number of updated asset objects reloaded before import = 0
Number of asset objects unloaded after import = 2
========================================================================
Received Import Request.
  Time since last request: 0.000020 seconds.
  path: Assets/Sound/zombie-7.wav
  artifactKey: Guid(e2a35fc9c9afff14681ed1e20aee8c11) Importer(815301076,1909f56bfc062723c751e8b465ee728b)
Start importing Assets/Sound/zombie-7.wav using Guid(e2a35fc9c9afff14681ed1e20aee8c11) Importer(815301076,1909f56bfc062723c751e8b465ee728b)  -> (artifact id: '715359e51dfde192afedd7e47de34e21') in 0.012682 seconds
Number of updated asset objects reloaded before import = 0
Number of asset objects unloaded after import = 2
========================================================================
Received Import Request.
  Time since last request: 0.000176 seconds.
  path: Assets/Sound/zombie-18.wav
  artifactKey: Guid(d210d626eb3f80544bca046c5e34d6ce) Importer(815301076,1909f56bfc062723c751e8b465ee728b)
Start importing Assets/Sound/zombie-18.wav using Guid(d210d626eb3f80544bca046c5e34d6ce) Importer(815301076,1909f56bfc062723c751e8b465ee728b)  -> (artifact id: '5336241a314a2331fa469442687d97b2') in 0.015177 seconds
Number of updated asset objects reloaded before import = 0
Number of asset objects unloaded after import = 2
========================================================================
Received Import Request.
  Time since last request: 0.000019 seconds.
  path: Assets/Sound/zombie-19.wav
  artifactKey: Guid(8e164741a7a10d642ae4145836236baa) Importer(815301076,1909f56bfc062723c751e8b465ee728b)
Start importing Assets/Sound/zombie-19.wav using Guid(8e164741a7a10d642ae4145836236baa) Importer(815301076,1909f56bfc062723c751e8b465ee728b)  -> (artifact id: 'a97b983b988ef3b2f7f649111c9aa70c') in 0.014520 seconds
Number of updated asset objects reloaded before import = 0
Number of asset objects unloaded after import = 2
========================================================================
Received Import Request.
  Time since last request: 0.000031 seconds.
  path: Assets/Sound/zombie-13.wav
  artifactKey: Guid(ef133cb27b7e1364aac058ec7166f65e) Importer(815301076,1909f56bfc062723c751e8b465ee728b)
Start importing Assets/Sound/zombie-13.wav using Guid(ef133cb27b7e1364aac058ec7166f65e) Importer(815301076,1909f56bfc062723c751e8b465ee728b)  -> (artifact id: '0bbdef5e6b5488521046f7f14b29d464') in 0.014165 seconds
Number of updated asset objects reloaded before import = 0
Number of asset objects unloaded after import = 2
========================================================================
Received Import Request.
  Time since last request: 0.000041 seconds.
  path: Assets/Sound/zombie-24.wav
  artifactKey: Guid(b940b1083c227a541a2f72433d61e9ca) Importer(815301076,1909f56bfc062723c751e8b465ee728b)
Start importing Assets/Sound/zombie-24.wav using Guid(b940b1083c227a541a2f72433d61e9ca) Importer(815301076,1909f56bfc062723c751e8b465ee728b)  -> (artifact id: '7acdc4523019d4f629003d7f9cfff3a6') in 0.014022 seconds
Number of updated asset objects reloaded before import = 0
Number of asset objects unloaded after import = 2
========================================================================
Received Import Request.
  Time since last request: 0.000017 seconds.
  path: Assets/Sound/zombie-11.wav
  artifactKey: Guid(d942fa727877e184e8fb79ba414c0fc1) Importer(815301076,1909f56bfc062723c751e8b465ee728b)
Start importing Assets/Sound/zombie-11.wav using Guid(d942fa727877e184e8fb79ba414c0fc1) Importer(815301076,1909f56bfc062723c751e8b465ee728b)  -> (artifact id: '3278e2a9ca9cc2e15d8fe29f8f970261') in 0.013603 seconds
Number of updated asset objects reloaded before import = 0
Number of asset objects unloaded after import = 2
========================================================================
Received Import Request.
  Time since last request: 0.000021 seconds.
  path: Assets/Sound/zombie-5.wav
  artifactKey: Guid(f80260afd67df0a4f84f7ce5239245a3) Importer(815301076,1909f56bfc062723c751e8b465ee728b)
Start importing Assets/Sound/zombie-5.wav using Guid(f80260afd67df0a4f84f7ce5239245a3) Importer(815301076,1909f56bfc062723c751e8b465ee728b)  -> (artifact id: '1c6eae2124b99440cd6d9c3d10ea0324') in 0.014794 seconds
Number of updated asset objects reloaded before import = 0
Number of asset objects unloaded after import = 2
========================================================================
Received Import Request.
  Time since last request: 0.000018 seconds.
  path: Assets/Sound/zombie-17.wav
  artifactKey: Guid(80ab18eadc1983848ae623377b908838) Importer(815301076,1909f56bfc062723c751e8b465ee728b)
Start importing Assets/Sound/zombie-17.wav using Guid(80ab18eadc1983848ae623377b908838) Importer(815301076,1909f56bfc062723c751e8b465ee728b)  -> (artifact id: '45f6f13325fcb419c653a0635a857f50') in 0.017691 seconds
Number of updated asset objects reloaded before import = 0
Number of asset objects unloaded after import = 2
Editor requested this worker to shutdown with reason: Scaling down because of idle timeout
TcpMessagingSession - receive error: operation aborted. errorcode: 995, details: Operacja We/Wy zosta³a przerwana z powodu zakoñczenia w¹tku lub ¿¹dania aplikacji.
AssetImportWorker is now disconnected from the server
Process exiting
Exiting without the bug reporter. Application will terminate with return code 0